# JRE version: OpenJDK Runtime Environment (8.0_171-b11) (build 1.8.0_171-8u171-b11-0ubuntu0.17.10.1-b11)
# Java VM: OpenJDK 64-Bit Server VM (25.171-b11 mixed mode linux-amd64 compressed oops)
Heap:
 PSYoungGen      total 414720K, used 544K [0x00000000d7000000, 0x00000000f1100000, 0x0000000100000000)
  eden space 402944K, 0% used [0x00000000d7000000,0x00000000d7000000,0x00000000ef980000)
  from space 11776K, 4% used [0x00000000ef980000,0x00000000efa08000,0x00000000f0500000)
  to   space 11264K, 0% used [0x00000000f0500000,0x00000000f0500000,0x00000000f1000000)
 ParOldGen       total 57856K, used 13144K [0x0000000085000000, 0x0000000088880000, 0x00000000d7000000)
  object space 57856K, 22% used [0x0000000085000000,0x0000000085cd60f0,0x0000000088880000)
 Metaspace       used 20915K, capacity 21306K, committed 21504K, reserved 1069056K
  class space    used 2614K, capacity 2755K, committed 2816K, reserved 1048576K
GC Heap History (10 events):
Event: 10.290 GC heap after
Heap after GC invocations=7 (full 0):
 PSYoungGen      total 134656K, used 7676K [0x00000000d7000000, 0x00000000e7b00000, 0x0000000100000000)
  eden space 126976K, 0% used [0x00000000d7000000,0x00000000d7000000,0x00000000dec00000)
  from space 7680K, 99% used [0x00000000dec00000,0x00000000df37f298,0x00000000df380000)
  to   space 9728K, 0% used [0x00000000e7180000,0x00000000e7180000,0x00000000e7b00000)
 ParOldGen       total 84992K, used 5199K [0x0000000085000000, 0x000000008a300000, 0x00000000d7000000)
  object space 84992K, 6% used [0x0000000085000000,0x0000000085513d50,0x000000008a300000)
 Metaspace       used 19300K, capacity 19620K, committed 19968K, reserved 1067008K
  class space    used 2355K, capacity 2458K, committed 2560K, reserved 1048576K
}
Event: 11.127 GC heap before
{Heap before GC invocations=8 (full 0):
 PSYoungGen      total 134656K, used 134652K [0x00000000d7000000, 0x00000000e7b00000, 0x0000000100000000)
  eden space 126976K, 100% used [0x00000000d7000000,0x00000000dec00000,0x00000000dec00000)
  from space 7680K, 99% used [0x00000000dec00000,0x00000000df37f298,0x00000000df380000)
  to   space 9728K, 0% used [0x00000000e7180000,0x00000000e7180000,0x00000000e7b00000)
 ParOldGen       total 84992K, used 5199K [0x0000000085000000, 0x000000008a300000, 0x00000000d7000000)
  object space 84992K, 6% used [0x0000000085000000,0x0000000085513d50,0x000000008a300000)
 Metaspace       used 20636K, capacity 21006K, committed 21120K, reserved 1067008K
  class space    used 2562K, capacity 2657K, committed 2688K, reserved 1048576K
Event: 11.140 GC heap after
Heap after GC invocations=8 (full 0):
 PSYoungGen      total 261632K, used 9704K [0x00000000d7000000, 0x00000000e7f00000, 0x0000000100000000)
  eden space 251904K, 0% used [0x00000000d7000000,0x00000000d7000000,0x00000000e6600000)
  from space 9728K, 99% used [0x00000000e7180000,0x00000000e7afa2b8,0x00000000e7b00000)
  to   space 11776K, 0% used [0x00000000e6600000,0x00000000e6600000,0x00000000e7180000)
 ParOldGen       total 84992K, used 7378K [0x0000000085000000, 0x000000008a300000, 0x00000000d7000000)
  object space 84992K, 8% used [0x0000000085000000,0x0000000085734868,0x000000008a300000)
 Metaspace       used 20636K, capacity 21006K, committed 21120K, reserved 1067008K
  class space    used 2562K, capacity 2657K, committed 2688K, reserved 1048576K
}
Event: 11.912 GC heap before
{Heap before GC invocations=9 (full 0):
 PSYoungGen      total 261632K, used 261608K [0x00000000d7000000, 0x00000000e7f00000, 0x0000000100000000)
  eden space 251904K, 100% used [0x00000000d7000000,0x00000000e6600000,0x00000000e6600000)
  from space 9728K, 99% used [0x00000000e7180000,0x00000000e7afa2b8,0x00000000e7b00000)
  to   space 11776K, 0% used [0x00000000e6600000,0x00000000e6600000,0x00000000e7180000)
 ParOldGen       total 84992K, used 7378K [0x0000000085000000, 0x000000008a300000, 0x00000000d7000000)
  object space 84992K, 8% used [0x0000000085000000,0x0000000085734868,0x000000008a300000)
 Metaspace       used 20726K, capacity 21070K, committed 21248K, reserved 1067008K
  class space    used 2581K, capacity 2721K, committed 2816K, reserved 1048576K
Event: 11.925 GC heap after
Heap after GC invocations=9 (full 0):
 PSYoungGen      total 263680K, used 6912K [0x00000000d7000000, 0x00000000f1000000, 0x0000000100000000)
  eden space 251904K, 0% used [0x00000000d7000000,0x00000000d7000000,0x00000000e6600000)
  from space 11776K, 58% used [0x00000000e6600000,0x00000000e6cc0000,0x00000000e7180000)
  to   space 11264K, 0% used [0x00000000f0500000,0x00000000f0500000,0x00000000f1000000)
 ParOldGen       total 84992K, used 9982K [0x0000000085000000, 0x000000008a300000, 0x00000000d7000000)
  object space 84992K, 11% used [0x0000000085000000,0x00000000859bf818,0x000000008a300000)
 Metaspace       used 20726K, capacity 21070K, committed 21248K, reserved 1067008K
  class space    used 2581K, capacity 2721K, committed 2816K, reserved 1048576K
}
Event: 12.146 GC heap before
{Heap before GC invocations=10 (full 0):
 PSYoungGen      total 263680K, used 95792K [0x00000000d7000000, 0x00000000f1000000, 0x0000000100000000)
  eden space 251904K, 35% used [0x00000000d7000000,0x00000000dc6cc3a0,0x00000000e6600000)
  from space 11776K, 58% used [0x00000000e6600000,0x00000000e6cc0000,0x00000000e7180000)
  to   space 11264K, 0% used [0x00000000f0500000,0x00000000f0500000,0x00000000f1000000)
 ParOldGen       total 84992K, used 9982K [0x0000000085000000, 0x000000008a300000, 0x00000000d7000000)
  object space 84992K, 11% used [0x0000000085000000,0x00000000859bf818,0x000000008a300000)
 Metaspace       used 20749K, capacity 21070K, committed 21248K, reserved 1067008K
  class space    used 2586K, capacity 2721K, committed 2816K, reserved 1048576K
Event: 12.164 GC heap after
Heap after GC invocations=10 (full 0):
 PSYoungGen      total 414208K, used 2208K [0x00000000d7000000, 0x00000000f1100000, 0x0000000100000000)
  eden space 402944K, 0% used [0x00000000d7000000,0x00000000d7000000,0x00000000ef980000)
  from space 11264K, 19% used [0x00000000f0500000,0x00000000f0728000,0x00000000f1000000)
  to   space 11776K, 0% used [0x00000000ef980000,0x00000000ef980000,0x00000000f0500000)
 ParOldGen       total 84992K, used 14273K [0x0000000085000000, 0x000000008a300000, 0x00000000d7000000)
  object space 84992K, 16% used [0x0000000085000000,0x0000000085df0738,0x000000008a300000)
 Metaspace       used 20749K, capacity 21070K, committed 21248K, reserved 1067008K
  class space    used 2586K, capacity 2721K, committed 2816K, reserved 1048576K
}
Event: 12.164 GC heap before
{Heap before GC invocations=11 (full 1):
 PSYoungGen      total 414208K, used 2208K [0x00000000d7000000, 0x00000000f1100000, 0x0000000100000000)
  eden space 402944K, 0% used [0x00000000d7000000,0x00000000d7000000,0x00000000ef980000)
  from space 11264K, 19% used [0x00000000f0500000,0x00000000f0728000,0x00000000f1000000)
  to   space 11776K, 0% used [0x00000000ef980000,0x00000000ef980000,0x00000000f0500000)
 ParOldGen       total 84992K, used 14273K [0x0000000085000000, 0x000000008a300000, 0x00000000d7000000)
  object space 84992K, 16% used [0x0000000085000000,0x0000000085df0738,0x000000008a300000)
 Metaspace       used 20749K, capacity 21070K, committed 21248K, reserved 1067008K
  class space    used 2586K, capacity 2721K, committed 2816K, reserved 1048576K
Event: 12.322 GC heap after
Heap after GC invocations=11 (full 1):
 PSYoungGen      total 414208K, used 0K [0x00000000d7000000, 0x00000000f1100000, 0x0000000100000000)
  eden space 402944K, 0% used [0x00000000d7000000,0x00000000d7000000,0x00000000ef980000)
  from space 11264K, 0% used [0x00000000f0500000,0x00000000f0500000,0x00000000f1000000)
  to   space 11776K, 0% used [0x00000000ef980000,0x00000000ef980000,0x00000000f0500000)
 ParOldGen       total 57856K, used 13136K [0x0000000085000000, 0x0000000088880000, 0x00000000d7000000)
  object space 57856K, 22% used [0x0000000085000000,0x0000000085cd40f0,0x0000000088880000)
 Metaspace       used 20749K, capacity 21070K, committed 21248K, reserved 1067008K
  class space    used 2586K, capacity 2721K, committed 2816K, reserved 1048576K
}
Event: 21.294 GC heap before
{Heap before GC invocations=12 (full 1):
 PSYoungGen      total 414208K, used 402944K [0x00000000d7000000, 0x00000000f1100000, 0x0000000100000000)
  eden space 402944K, 100% used [0x00000000d7000000,0x00000000ef980000,0x00000000ef980000)
  from space 11264K, 0% used [0x00000000f0500000,0x00000000f0500000,0x00000000f1000000)
  to   space 11776K, 0% used [0x00000000ef980000,0x00000000ef980000,0x00000000f0500000)
 ParOldGen       total 57856K, used 13136K [0x0000000085000000, 0x0000000088880000, 0x00000000d7000000)
  object space 57856K, 22% used [0x0000000085000000,0x0000000085cd40f0,0x0000000088880000)
 Metaspace       used 20915K, capacity 21306K, committed 21504K, reserved 1069056K
  class space    used 2614K, capacity 2755K, committed 2816K, reserved 1048576K

